<?xml version="1.0" encoding="UTF-8"?>
<testng-results skipped="0" failed="0" ignored="0" total="3" passed="3">
  <reporter-output>
  </reporter-output>
  <suite name="Default suite" duration-ms="54871" started-at="2019-04-11T10:41:04Z" finished-at="2019-04-11T10:41:59Z">
    <groups>
    </groups>
    <test name="Default test" duration-ms="54871" started-at="2019-04-11T10:41:04Z" finished-at="2019-04-11T10:41:59Z">
      <class name="com.crm.qa.testcases.LoginPageTest">
        <test-method status="PASS" signature="setUp()[pri:0, instance:com.crm.qa.testcases.LoginPageTest@cb5822]" name="setUp" is-config="true" duration-ms="16770" started-at="2019-04-11T16:11:04Z" finished-at="2019-04-11T16:11:21Z">
          <reporter-output>
          </reporter-output>
        </test-method> <!-- setUp -->
        <test-method status="PASS" signature="loginPageTitleTest()[pri:1, instance:com.crm.qa.testcases.LoginPageTest@cb5822]" name="loginPageTitleTest" duration-ms="247" started-at="2019-04-11T16:11:21Z" finished-at="2019-04-11T16:11:21Z">
          <reporter-output>
          </reporter-output>
        </test-method> <!-- loginPageTitleTest -->
        <test-method status="PASS" signature="tearDown()[pri:0, instance:com.crm.qa.testcases.LoginPageTest@cb5822]" name="tearDown" is-config="true" duration-ms="873" started-at="2019-04-11T16:11:21Z" finished-at="2019-04-11T16:11:22Z">
          <reporter-output>
          </reporter-output>
        </test-method> <!-- tearDown -->
        <test-method status="PASS" signature="setUp()[pri:0, instance:com.crm.qa.testcases.LoginPageTest@cb5822]" name="setUp" is-config="true" duration-ms="12765" started-at="2019-04-11T16:11:22Z" finished-at="2019-04-11T16:11:34Z">
          <reporter-output>
          </reporter-output>
        </test-method> <!-- setUp -->
        <test-method status="PASS" signature="crmLogoImageTest()[pri:2, instance:com.crm.qa.testcases.LoginPageTest@cb5822]" name="crmLogoImageTest" duration-ms="213" started-at="2019-04-11T16:11:34Z" finished-at="2019-04-11T16:11:35Z">
          <reporter-output>
          </reporter-output>
        </test-method> <!-- crmLogoImageTest -->
        <test-method status="PASS" signature="tearDown()[pri:0, instance:com.crm.qa.testcases.LoginPageTest@cb5822]" name="tearDown" is-config="true" duration-ms="843" started-at="2019-04-11T16:11:35Z" finished-at="2019-04-11T16:11:35Z">
          <reporter-output>
          </reporter-output>
        </test-method> <!-- tearDown -->
        <test-method status="PASS" signature="setUp()[pri:0, instance:com.crm.qa.testcases.LoginPageTest@cb5822]" name="setUp" is-config="true" duration-ms="12969" started-at="2019-04-11T16:11:35Z" finished-at="2019-04-11T16:11:48Z">
          <reporter-output>
          </reporter-output>
        </test-method> <!-- setUp -->
        <test-method status="PASS" signature="loginTest()[pri:3, instance:com.crm.qa.testcases.LoginPageTest@cb5822]" name="loginTest" duration-ms="9125" started-at="2019-04-11T16:11:48Z" finished-at="2019-04-11T16:11:58Z">
          <reporter-output>
          </reporter-output>
        </test-method> <!-- loginTest -->
        <test-method status="PASS" signature="tearDown()[pri:0, instance:com.crm.qa.testcases.LoginPageTest@cb5822]" name="tearDown" is-config="true" duration-ms="992" started-at="2019-04-11T16:11:58Z" finished-at="2019-04-11T16:11:59Z">
          <reporter-output>
          </reporter-output>
        </test-method> <!-- tearDown -->
      </class> <!-- com.crm.qa.testcases.LoginPageTest -->
    </test> <!-- Default test -->
  </suite> <!-- Default suite -->
</testng-results>
