<?xml version="1.0" encoding="UTF-8"?>
<testng-results skipped="0" failed="0" ignored="0" total="3" passed="3">
  <reporter-output>
  </reporter-output>
  <suite name="Default suite" duration-ms="71194" started-at="2019-04-11T13:59:00Z" finished-at="2019-04-11T14:00:12Z">
    <groups>
    </groups>
    <test name="Default test" duration-ms="71194" started-at="2019-04-11T13:59:00Z" finished-at="2019-04-11T14:00:12Z">
      <class name="com.crm.qa.testcases.LoginPageTest">
        <test-method status="PASS" signature="setUp()[pri:0, instance:com.crm.qa.testcases.LoginPageTest@2b98378d]" name="setUp" is-config="true" duration-ms="24882" started-at="2019-04-11T19:29:00Z" finished-at="2019-04-11T19:29:25Z">
          <reporter-output>
          </reporter-output>
        </test-method> <!-- setUp -->
        <test-method status="PASS" signature="loginPageTitleTest()[pri:1, instance:com.crm.qa.testcases.LoginPageTest@2b98378d]" name="loginPageTitleTest" duration-ms="218" started-at="2019-04-11T19:29:25Z" finished-at="2019-04-11T19:29:26Z">
          <reporter-output>
          </reporter-output>
        </test-method> <!-- loginPageTitleTest -->
        <test-method status="PASS" signature="tearDown()[pri:0, instance:com.crm.qa.testcases.LoginPageTest@2b98378d]" name="tearDown" is-config="true" duration-ms="903" started-at="2019-04-11T19:29:26Z" finished-at="2019-04-11T19:29:26Z">
          <reporter-output>
          </reporter-output>
        </test-method> <!-- tearDown -->
        <test-method status="PASS" signature="setUp()[pri:0, instance:com.crm.qa.testcases.LoginPageTest@2b98378d]" name="setUp" is-config="true" duration-ms="15930" started-at="2019-04-11T19:29:26Z" finished-at="2019-04-11T19:29:42Z">
          <reporter-output>
          </reporter-output>
        </test-method> <!-- setUp -->
        <test-method status="PASS" signature="crmLogoImageTest()[pri:2, instance:com.crm.qa.testcases.LoginPageTest@2b98378d]" name="crmLogoImageTest" duration-ms="154" started-at="2019-04-11T19:29:42Z" finished-at="2019-04-11T19:29:43Z">
          <reporter-output>
          </reporter-output>
        </test-method> <!-- crmLogoImageTest -->
        <test-method status="PASS" signature="tearDown()[pri:0, instance:com.crm.qa.testcases.LoginPageTest@2b98378d]" name="tearDown" is-config="true" duration-ms="858" started-at="2019-04-11T19:29:43Z" finished-at="2019-04-11T19:29:43Z">
          <reporter-output>
          </reporter-output>
        </test-method> <!-- tearDown -->
        <test-method status="PASS" signature="setUp()[pri:0, instance:com.crm.qa.testcases.LoginPageTest@2b98378d]" name="setUp" is-config="true" duration-ms="17008" started-at="2019-04-11T19:29:43Z" finished-at="2019-04-11T19:30:00Z">
          <reporter-output>
          </reporter-output>
        </test-method> <!-- setUp -->
        <test-method status="PASS" signature="loginTest()[pri:3, instance:com.crm.qa.testcases.LoginPageTest@2b98378d]" name="loginTest" duration-ms="10010" started-at="2019-04-11T19:30:00Z" finished-at="2019-04-11T19:30:10Z">
          <reporter-output>
          </reporter-output>
        </test-method> <!-- loginTest -->
        <test-method status="PASS" signature="tearDown()[pri:0, instance:com.crm.qa.testcases.LoginPageTest@2b98378d]" name="tearDown" is-config="true" duration-ms="1147" started-at="2019-04-11T19:30:10Z" finished-at="2019-04-11T19:30:12Z">
          <reporter-output>
          </reporter-output>
        </test-method> <!-- tearDown -->
      </class> <!-- com.crm.qa.testcases.LoginPageTest -->
    </test> <!-- Default test -->
  </suite> <!-- Default suite -->
</testng-results>
