<?xml version="1.0" encoding="UTF-8"?>
<!-- Generated by org.testng.reporters.JUnitXMLReporter -->
<testsuite hostname="VIKASKUMAR" ignored="0" name="Default test" tests="3" failures="0" timestamp="11 Apr 2019 10:41:59 GMT" time="54.871" errors="0">
  <testcase name="loginPageTitleTest" time="0.247" classname="com.crm.qa.testcases.LoginPageTest"/>
  <testcase name="crmLogoImageTest" time="0.213" classname="com.crm.qa.testcases.LoginPageTest"/>
  <testcase name="loginTest" time="9.125" classname="com.crm.qa.testcases.LoginPageTest"/>
</testsuite> <!-- Default test -->
