<?xml version="1.0" encoding="UTF-8"?>
<!-- Generated by org.testng.reporters.JUnitXMLReporter -->
<testsuite hostname="VIKASKUMAR" ignored="0" name="Default test" tests="3" failures="0" timestamp="11 Apr 2019 14:00:14 GMT" time="71.194" errors="0">
  <testcase name="loginPageTitleTest" time="0.218" classname="com.crm.qa.testcases.LoginPageTest"/>
  <testcase name="crmLogoImageTest" time="0.154" classname="com.crm.qa.testcases.LoginPageTest"/>
  <testcase name="loginTest" time="10.01" classname="com.crm.qa.testcases.LoginPageTest"/>
</testsuite> <!-- Default test -->
