<?xml version="1.0" encoding="UTF-8"?>
<!-- Generated by org.testng.reporters.JUnitXMLReporter -->
<testsuite hostname="VIKASKUMAR" ignored="0" name="Free CRM App Test Cases" tests="5" failures="0" timestamp="28 Apr 2019 07:22:30 GMT" time="163.432" errors="0">
  <testcase name="loginPageTitleTest" time="0.134" classname="com.crm.qa.testcases.LoginPageTest"/>
  <testcase name="freeCrmTitleTest" time="0.033" classname="com.crm.qa.testcases.LoginTest"/>
  <testcase name="crmLogoImageTest" time="0.286" classname="com.crm.qa.testcases.LoginPageTest"/>
  <testcase name="freemCRMLogoTest" time="0.13" classname="com.crm.qa.testcases.LoginTest"/>
  <testcase name="loginTest" time="7.571" classname="com.crm.qa.testcases.LoginPageTest"/>
</testsuite> <!-- Free CRM App Test Cases -->
